kinou_pflogsumm_report.pl Start
/manager/script/kinou_pflogsumm_report.pl 09 13
kinou_pflogsumm_report.pl END
caku.cgi END !!
awstats Start
awstats END
Backup Start
Backup END
kinou_pflogsumm_report.pl Start
/manager/script/kinou_pflogsumm_report.pl 09 14
kinou_pflogsumm_report.pl END
caku.cgi END !!
awstats Start
awstats END
Backup Start
Backup END
kinou_pflogsumm_report.pl Start
/manager/script/kinou_pflogsumm_report.pl 09 15
kinou_pflogsumm_report.pl END
caku.cgi END !!
awstats Start
awstats END
Backup Start
Backup END
kinou_pflogsumm_report.pl Start
/manager/script/kinou_pflogsumm_report.pl 09 16
kinou_pflogsumm_report.pl END
caku.cgi END !!
awstats Start
awstats END
Backup Start
Backup END
kinou_pflogsumm_report.pl Start
/manager/script/kinou_pflogsumm_report.pl 09 17
kinou_pflogsumm_report.pl END
caku.cgi END !!
awstats Start
awstats END
Backup Start
Backup END
kinou_pflogsumm_report.pl Start
/manager/script/kinou_pflogsumm_report.pl 09 18
kinou_pflogsumm_report.pl END
caku.cgi END !!
awstats Start
awstats END
Backup Start
Backup END
kinou_pflogsumm_report.pl Start
/manager/script/kinou_pflogsumm_report.pl 09 19
kinou_pflogsumm_report.pl END
caku.cgi END !!
awstats Start
awstats END
Backup Start
Backup END
kinou_pflogsumm_report.pl Start
/manager/script/kinou_pflogsumm_report.pl 09 20
kinou_pflogsumm_report.pl END
caku.cgi END !!
awstats Start
awstats END
Backup Start
Backup END
kinou_pflogsumm_report.pl Start
/manager/script/kinou_pflogsumm_report.pl 09 21
kinou_pflogsumm_report.pl END
caku.cgi END !!
awstats Start
awstats END
Backup Start
Backup END
kinou_pflogsumm_report.pl Start
/manager/script/kinou_pflogsumm_report.pl 09 22
kinou_pflogsumm_report.pl END
caku.cgi END !!
awstats Start
awstats END
Backup Start
Backup END
kinou_pflogsumm_report.pl Start
/manager/script/kinou_pflogsumm_report.pl 09 23
kinou_pflogsumm_report.pl END
caku.cgi END !!
awstats Start
awstats END
Backup Start
Backup END
kinou_pflogsumm_report.pl Start
/manager/script/kinou_pflogsumm_report.pl 09 24
kinou_pflogsumm_report.pl END
caku.cgi END !!
awstats Start
awstats END
Backup Start
Backup END
kinou_pflogsumm_report.pl Start
/manager/script/kinou_pflogsumm_report.pl 09 25
kinou_pflogsumm_report.pl END
caku.cgi END !!
awstats Start
awstats END
Backup Start
Backup END
kinou_pflogsumm_report.pl Start
/manager/script/kinou_pflogsumm_report.pl 09 26
kinou_pflogsumm_report.pl END
caku.cgi END !!
awstats Start
awstats END
Backup Start
Backup END
kinou_pflogsumm_report.pl Start
/manager/script/kinou_pflogsumm_report.pl 09 27
kinou_pflogsumm_report.pl END
caku.cgi END !!
awstats Start
awstats END
Backup Start
Backup END
kinou_pflogsumm_report.pl Start
/manager/script/kinou_pflogsumm_report.pl 09 28
kinou_pflogsumm_report.pl END
caku.cgi END !!
awstats Start
awstats END
Backup Start
Backup END
kinou_pflogsumm_report.pl Start
/manager/script/kinou_pflogsumm_report.pl 09 29
kinou_pflogsumm_report.pl END
caku.cgi END !!
awstats Start
awstats END
Backup Start
Backup END
kinou_pflogsumm_report.pl Start
/manager/script/kinou_pflogsumm_report.pl 09 30
kinou_pflogsumm_report.pl END
caku.cgi END !!
awstats Start
awstats END
Backup Start
Backup END
kinou_pflogsumm_report.pl Start
/manager/script/kinou_pflogsumm_report.pl 10 01
kinou_pflogsumm_report.pl END
caku.cgi END !!
awstats Start
awstats END
Backup Start
Backup END
kinou_pflogsumm_report.pl Start
/manager/script/kinou_pflogsumm_report.pl 10 02
kinou_pflogsumm_report.pl END
caku.cgi END !!
awstats Start
awstats END
Backup Start
Backup END
kinou_pflogsumm_report.pl Start
/manager/script/kinou_pflogsumm_report.pl 10 03
kinou_pflogsumm_report.pl END
caku.cgi END !!
awstats Start
awstats END
Backup Start
Backup END
kinou_pflogsumm_report.pl Start
/manager/script/kinou_pflogsumm_report.pl 10 04
kinou_pflogsumm_report.pl END
caku.cgi END !!
awstats Start
awstats END
Backup Start
Backup END
kinou_pflogsumm_report.pl Start
/manager/script/kinou_pflogsumm_report.pl 10 05
kinou_pflogsumm_report.pl END
caku.cgi END !!
awstats Start
awstats END
Backup Start
Backup END
kinou_pflogsumm_report.pl Start
/manager/script/kinou_pflogsumm_report.pl 10 06
kinou_pflogsumm_report.pl END
caku.cgi END !!
awstats Start
awstats END
Backup Start
Backup END
kinou_pflogsumm_report.pl Start
/manager/script/kinou_pflogsumm_report.pl 10 07
kinou_pflogsumm_report.pl END
caku.cgi END !!
awstats Start
awstats END
Backup Start
Backup END
kinou_pflogsumm_report.pl Start
/manager/script/kinou_pflogsumm_report.pl 10 08
kinou_pflogsumm_report.pl END
caku.cgi END !!
awstats Start
awstats END
Backup Start
Backup END
kinou_pflogsumm_report.pl Start
/manager/script/kinou_pflogsumm_report.pl 10 09
kinou_pflogsumm_report.pl END
caku.cgi END !!
awstats Start
awstats END
Backup Start
Backup END
kinou_pflogsumm_report.pl Start
/manager/script/kinou_pflogsumm_report.pl 10 10
kinou_pflogsumm_report.pl END
caku.cgi END !!
awstats Start
awstats END
Backup Start
Backup END
kinou_pflogsumm_report.pl Start
/manager/script/kinou_pflogsumm_report.pl 10 11
kinou_pflogsumm_report.pl END
caku.cgi END !!
awstats Start
awstats END
Backup Start
Backup END
kinou_pflogsumm_report.pl Start
/manager/script/kinou_pflogsumm_report.pl 10 12
kinou_pflogsumm_report.pl END
caku.cgi END !!
awstats Start
awstats END
Backup Start
Backup END
kinou_pflogsumm_report.pl Start
/manager/script/kinou_pflogsumm_report.pl 10 13
kinou_pflogsumm_report.pl END
caku.cgi END !!
awstats Start
awstats END
Backup Start
Backup END
kinou_pflogsumm_report.pl Start
/manager/script/kinou_pflogsumm_report.pl 10 14
kinou_pflogsumm_report.pl END
caku.cgi END !!
awstats Start
awstats END
Backup Start
Backup END
kinou_pflogsumm_report.pl Start
/manager/script/kinou_pflogsumm_report.pl 10 15
kinou_pflogsumm_report.pl END
caku.cgi END !!
awstats Start
awstats END
Backup Start
Backup END
kinou_pflogsumm_report.pl Start
/manager/script/kinou_pflogsumm_report.pl 10 16
kinou_pflogsumm_report.pl END
caku.cgi END !!
awstats Start
awstats END
Backup Start
Backup END
kinou_pflogsumm_report.pl Start
/manager/script/kinou_pflogsumm_report.pl 10 17
kinou_pflogsumm_report.pl END
caku.cgi END !!
awstats Start
awstats END
Backup Start
Backup END
kinou_pflogsumm_report.pl Start
/manager/script/kinou_pflogsumm_report.pl 10 18
kinou_pflogsumm_report.pl END
caku.cgi END !!
awstats Start
awstats END
Backup Start
Backup END
kinou_pflogsumm_report.pl Start
/manager/script/kinou_pflogsumm_report.pl 10 19
kinou_pflogsumm_report.pl END
caku.cgi END !!
awstats Start
awstats END
Backup Start
Backup END
kinou_pflogsumm_report.pl Start
/manager/script/kinou_pflogsumm_report.pl 10 20
kinou_pflogsumm_report.pl END
caku.cgi END !!
awstats Start
awstats END
Backup Start
Backup END
kinou_pflogsumm_report.pl Start
/manager/script/kinou_pflogsumm_report.pl 10 21
kinou_pflogsumm_report.pl END
caku.cgi END !!
awstats Start
awstats END
Backup Start
Backup END
kinou_pflogsumm_report.pl Start
/manager/script/kinou_pflogsumm_report.pl 10 22
kinou_pflogsumm_report.pl END
caku.cgi END !!
awstats Start
awstats END
Backup Start
Backup END
kinou_pflogsumm_report.pl Start
/manager/script/kinou_pflogsumm_report.pl 10 23
kinou_pflogsumm_report.pl END
caku.cgi END !!
awstats Start
awstats END
Backup Start
Backup END
kinou_pflogsumm_report.pl Start
/manager/script/kinou_pflogsumm_report.pl 10 24
kinou_pflogsumm_report.pl END
caku.cgi END !!
awstats Start
awstats END
Backup Start
Backup END
kinou_pflogsumm_report.pl Start
/manager/script/kinou_pflogsumm_report.pl 10 25
kinou_pflogsumm_report.pl END
caku.cgi END !!
awstats Start
awstats END
Backup Start
Backup END
kinou_pflogsumm_report.pl Start
/manager/script/kinou_pflogsumm_report.pl 10 26
kinou_pflogsumm_report.pl END
caku.cgi END !!
awstats Start
awstats END
Backup Start
Backup END
kinou_pflogsumm_report.pl Start
/manager/script/kinou_pflogsumm_report.pl 10 27
kinou_pflogsumm_report.pl END
caku.cgi END !!
awstats Start
awstats END
Backup Start
Backup END
kinou_pflogsumm_report.pl Start
/manager/script/kinou_pflogsumm_report.pl 10 28
kinou_pflogsumm_report.pl END
caku.cgi END !!
awstats Start
awstats END
Backup Start
Backup END
kinou_pflogsumm_report.pl Start
/manager/script/kinou_pflogsumm_report.pl 10 29
kinou_pflogsumm_report.pl END
caku.cgi END !!
awstats Start
awstats END
Backup Start
Backup END
kinou_pflogsumm_report.pl Start
/manager/script/kinou_pflogsumm_report.pl 10 30
kinou_pflogsumm_report.pl END
caku.cgi END !!
awstats Start
awstats END
Backup Start
Backup END
kinou_pflogsumm_report.pl Start
/manager/script/kinou_pflogsumm_report.pl 10 31
kinou_pflogsumm_report.pl END
caku.cgi END !!
awstats Start
awstats END
Backup Start
Backup END
kinou_pflogsumm_report.pl Start
/manager/script/kinou_pflogsumm_report.pl 11 01
kinou_pflogsumm_report.pl END
caku.cgi END !!
awstats Start
awstats END
Backup Start
Backup END
kinou_pflogsumm_report.pl Start
/manager/script/kinou_pflogsumm_report.pl 11 02
kinou_pflogsumm_report.pl END
caku.cgi END !!
awstats Start
awstats END
Backup Start
Backup END
kinou_pflogsumm_report.pl Start
/manager/script/kinou_pflogsumm_report.pl 11 03
kinou_pflogsumm_report.pl END
caku.cgi END !!
awstats Start
awstats END
Backup Start
Backup END
kinou_pflogsumm_report.pl Start
/manager/script/kinou_pflogsumm_report.pl 11 04
kinou_pflogsumm_report.pl END
caku.cgi END !!
awstats Start
awstats END
Backup Start
Backup END
kinou_pflogsumm_report.pl Start
/manager/script/kinou_pflogsumm_report.pl 11 05
kinou_pflogsumm_report.pl END
caku.cgi END !!
awstats Start
awstats END
Backup Start
Backup END
kinou_pflogsumm_report.pl Start
/manager/script/kinou_pflogsumm_report.pl 11 06
kinou_pflogsumm_report.pl END
caku.cgi END !!
awstats Start
awstats END
Backup Start
Backup END
kinou_pflogsumm_report.pl Start
/manager/script/kinou_pflogsumm_report.pl 11 07
kinou_pflogsumm_report.pl END
caku.cgi END !!
awstats Start
awstats END
Backup Start
Backup END
kinou_pflogsumm_report.pl Start
/manager/script/kinou_pflogsumm_report.pl 11 08
kinou_pflogsumm_report.pl END
caku.cgi END !!
awstats Start
awstats END
Backup Start
Backup END
kinou_pflogsumm_report.pl Start
/manager/script/kinou_pflogsumm_report.pl 11 09
kinou_pflogsumm_report.pl END
caku.cgi END !!
awstats Start
awstats END
Backup Start
Backup END
kinou_pflogsumm_report.pl Start
/manager/script/kinou_pflogsumm_report.pl 11 10
kinou_pflogsumm_report.pl END
caku.cgi END !!
awstats Start
awstats END
Backup Start
Backup END
kinou_pflogsumm_report.pl Start
/manager/script/kinou_pflogsumm_report.pl 11 11
kinou_pflogsumm_report.pl END
caku.cgi END !!
awstats Start
awstats END
Backup Start
Backup END
kinou_pflogsumm_report.pl Start
/manager/script/kinou_pflogsumm_report.pl 11 12
kinou_pflogsumm_report.pl END
caku.cgi END !!
awstats Start
awstats END
Backup Start
Backup END
kinou_pflogsumm_report.pl Start
/manager/script/kinou_pflogsumm_report.pl 11 13
kinou_pflogsumm_report.pl END
caku.cgi END !!
awstats Start
awstats END
Backup Start
Backup END
kinou_pflogsumm_report.pl Start
/manager/script/kinou_pflogsumm_report.pl 11 14
kinou_pflogsumm_report.pl END
caku.cgi END !!
awstats Start
awstats END
Backup Start
Backup END
kinou_pflogsumm_report.pl Start
/manager/script/kinou_pflogsumm_report.pl 11 15
kinou_pflogsumm_report.pl END
caku.cgi END !!
awstats Start
awstats END
Backup Start
Backup END
kinou_pflogsumm_report.pl Start
/manager/script/kinou_pflogsumm_report.pl 11 16
kinou_pflogsumm_report.pl END
caku.cgi END !!
awstats Start
awstats END
Backup Start
Backup END
kinou_pflogsumm_report.pl Start
/manager/script/kinou_pflogsumm_report.pl 11 17
kinou_pflogsumm_report.pl END
caku.cgi END !!
awstats Start
awstats END
Backup Start
Backup END
kinou_pflogsumm_report.pl Start
/manager/script/kinou_pflogsumm_report.pl 11 18
kinou_pflogsumm_report.pl END
caku.cgi END !!
awstats Start
awstats END
Backup Start
Backup END
kinou_pflogsumm_report.pl Start
/manager/script/kinou_pflogsumm_report.pl 11 19
kinou_pflogsumm_report.pl END
caku.cgi END !!
awstats Start
awstats END
Backup Start
Backup END
kinou_pflogsumm_report.pl Start
/manager/script/kinou_pflogsumm_report.pl 11 20
kinou_pflogsumm_report.pl END
caku.cgi END !!
awstats Start
awstats END
Backup Start
Backup END
kinou_pflogsumm_report.pl Start
/manager/script/kinou_pflogsumm_report.pl 11 21
kinou_pflogsumm_report.pl END
caku.cgi END !!
awstats Start
awstats END
Backup Start
Backup END
kinou_pflogsumm_report.pl Start
/manager/script/kinou_pflogsumm_report.pl 11 22
kinou_pflogsumm_report.pl END
caku.cgi END !!
awstats Start
awstats END
Backup Start
Backup END
kinou_pflogsumm_report.pl Start
/manager/script/kinou_pflogsumm_report.pl 11 23
kinou_pflogsumm_report.pl END
caku.cgi END !!
awstats Start
awstats END
Backup Start
Backup END
kinou_pflogsumm_report.pl Start
/manager/script/kinou_pflogsumm_report.pl 11 24
kinou_pflogsumm_report.pl END
caku.cgi END !!
awstats Start
awstats END
Backup Start
Backup END
kinou_pflogsumm_report.pl Start
/manager/script/kinou_pflogsumm_report.pl 11 25
kinou_pflogsumm_report.pl END
caku.cgi END !!
awstats Start
awstats END
Backup Start
Backup END
kinou_pflogsumm_report.pl Start
/manager/script/kinou_pflogsumm_report.pl 11 26
kinou_pflogsumm_report.pl END
caku.cgi END !!
awstats Start
awstats END
Backup Start
Backup END
kinou_pflogsumm_report.pl Start
/manager/script/kinou_pflogsumm_report.pl 11 27
kinou_pflogsumm_report.pl END
caku.cgi END !!
awstats Start
awstats END
Backup Start
Backup END
kinou_pflogsumm_report.pl Start
/manager/script/kinou_pflogsumm_report.pl 11 28
kinou_pflogsumm_report.pl END
caku.cgi END !!
awstats Start
awstats END
Backup Start
Backup END
kinou_pflogsumm_report.pl Start
/manager/script/kinou_pflogsumm_report.pl 11 29
kinou_pflogsumm_report.pl END
caku.cgi END !!
awstats Start
awstats END
Backup Start
Backup END
kinou_pflogsumm_report.pl Start
/manager/script/kinou_pflogsumm_report.pl 11 30
kinou_pflogsumm_report.pl END
caku.cgi END !!
awstats Start
awstats END
Backup Start
Backup END
kinou_pflogsumm_report.pl Start
/manager/script/kinou_pflogsumm_report.pl 12 01
kinou_pflogsumm_report.pl END
caku.cgi END !!
awstats Start
awstats END
Backup Start
Backup END
kinou_pflogsumm_report.pl Start
/manager/script/kinou_pflogsumm_report.pl 12 02
kinou_pflogsumm_report.pl END
caku.cgi END !!
awstats Start
awstats END
Backup Start
Backup END
kinou_pflogsumm_report.pl Start
/manager/script/kinou_pflogsumm_report.pl 12 03
kinou_pflogsumm_report.pl END
caku.cgi END !!
awstats Start
awstats END
Backup Start
Backup END
kinou_pflogsumm_report.pl Start
/manager/script/kinou_pflogsumm_report.pl 12 04
kinou_pflogsumm_report.pl END
caku.cgi END !!
awstats Start
awstats END
Backup Start
Backup END
kinou_pflogsumm_report.pl Start
/manager/script/kinou_pflogsumm_report.pl 12 05
kinou_pflogsumm_report.pl END
caku.cgi END !!
awstats Start
awstats END
Backup Start
Backup END
kinou_pflogsumm_report.pl Start
/manager/script/kinou_pflogsumm_report.pl 12 06
kinou_pflogsumm_report.pl END
caku.cgi END !!
awstats Start
awstats END
Backup Start
Backup END
kinou_pflogsumm_report.pl Start
/manager/script/kinou_pflogsumm_report.pl 12 07
kinou_pflogsumm_report.pl END
caku.cgi END !!
awstats Start
awstats END
Backup Start
Backup END
kinou_pflogsumm_report.pl Start
/manager/script/kinou_pflogsumm_report.pl 12 08
kinou_pflogsumm_report.pl END
caku.cgi END !!
awstats Start
awstats END
Backup Start
Backup END
kinou_pflogsumm_report.pl Start
/manager/script/kinou_pflogsumm_report.pl 12 09
kinou_pflogsumm_report.pl END
caku.cgi END !!
awstats Start
awstats END
Backup Start
Backup END
kinou_pflogsumm_report.pl Start
/manager/script/kinou_pflogsumm_report.pl 12 10
kinou_pflogsumm_report.pl END
caku.cgi END !!
awstats Start
awstats END
Backup Start
Backup END
kinou_pflogsumm_report.pl Start
/manager/script/kinou_pflogsumm_report.pl 12 11
kinou_pflogsumm_report.pl END
caku.cgi END !!
awstats Start
awstats END
Backup Start
Backup END
kinou_pflogsumm_report.pl Start
/manager/script/kinou_pflogsumm_report.pl 12 12
kinou_pflogsumm_report.pl END
caku.cgi END !!
awstats Start
awstats END
Backup Start
Backup END
kinou_pflogsumm_report.pl Start
/manager/script/kinou_pflogsumm_report.pl 12 13
kinou_pflogsumm_report.pl END
caku.cgi END !!
awstats Start
awstats END
Backup Start
Backup END
kinou_pflogsumm_report.pl Start
/manager/script/kinou_pflogsumm_report.pl 12 14
kinou_pflogsumm_report.pl END
caku.cgi END !!
awstats Start
awstats END
Backup Start
Backup END
kinou_pflogsumm_report.pl Start
/manager/script/kinou_pflogsumm_report.pl 12 15
kinou_pflogsumm_report.pl END
caku.cgi END !!
awstats Start
awstats END
Backup Start
Backup END
kinou_pflogsumm_report.pl Start
/manager/script/kinou_pflogsumm_report.pl 12 16
kinou_pflogsumm_report.pl END
caku.cgi END !!
awstats Start
awstats END
Backup Start
Backup END
kinou_pflogsumm_report.pl Start
/manager/script/kinou_pflogsumm_report.pl 12 17
kinou_pflogsumm_report.pl END
caku.cgi END !!
awstats Start
awstats END
Backup Start
Backup END
kinou_pflogsumm_report.pl Start
/manager/script/kinou_pflogsumm_report.pl 12 18
kinou_pflogsumm_report.pl END
caku.cgi END !!
awstats Start
awstats END
Backup Start
Backup END
kinou_pflogsumm_report.pl Start
/manager/script/kinou_pflogsumm_report.pl 12 19
kinou_pflogsumm_report.pl END
caku.cgi END !!
awstats Start
awstats END
Backup Start
Backup END
kinou_pflogsumm_report.pl Start
/manager/script/kinou_pflogsumm_report.pl 12 20
kinou_pflogsumm_report.pl END
caku.cgi END !!
awstats Start
awstats END
Backup Start
Backup END
kinou_pflogsumm_report.pl Start
/manager/script/kinou_pflogsumm_report.pl 12 21
kinou_pflogsumm_report.pl END
caku.cgi END !!
awstats Start
awstats END
Backup Start
Backup END
kinou_pflogsumm_report.pl Start
/manager/script/kinou_pflogsumm_report.pl 12 22
kinou_pflogsumm_report.pl END
caku.cgi END !!
awstats Start
awstats END
Backup Start
Backup END
kinou_pflogsumm_report.pl Start
/manager/script/kinou_pflogsumm_report.pl 12 23
kinou_pflogsumm_report.pl END
caku.cgi END !!
awstats Start
awstats END
Backup Start
Backup END
kinou_pflogsumm_report.pl Start
/manager/script/kinou_pflogsumm_report.pl 12 24
kinou_pflogsumm_report.pl END
caku.cgi END !!
awstats Start
awstats END
Backup Start
Backup END
kinou_pflogsumm_report.pl Start
/manager/script/kinou_pflogsumm_report.pl 12 25
kinou_pflogsumm_report.pl END
caku.cgi END !!
awstats Start
awstats END
Backup Start
Backup END
kinou_pflogsumm_report.pl Start
/manager/script/kinou_pflogsumm_report.pl 12 26
kinou_pflogsumm_report.pl END
caku.cgi END !!
awstats Start
awstats END
Backup Start
Backup END
kinou_pflogsumm_report.pl Start
/manager/script/kinou_pflogsumm_report.pl 12 27
kinou_pflogsumm_report.pl END
caku.cgi END !!
awstats Start
awstats END
Backup Start
Backup END
kinou_pflogsumm_report.pl Start
/manager/script/kinou_pflogsumm_report.pl 12 28
kinou_pflogsumm_report.pl END
caku.cgi END !!
awstats Start
awstats END
Backup Start
Backup END
kinou_pflogsumm_report.pl Start
/manager/script/kinou_pflogsumm_report.pl 12 29
kinou_pflogsumm_report.pl END
caku.cgi END !!
awstats Start
awstats END
Backup Start
Backup END
kinou_pflogsumm_report.pl Start
/manager/script/kinou_pflogsumm_report.pl 12 30
kinou_pflogsumm_report.pl END
caku.cgi END !!
awstats Start
awstats END
Backup Start
Backup END
kinou_pflogsumm_report.pl Start
/manager/script/kinou_pflogsumm_report.pl 12 31
kinou_pflogsumm_report.pl END
caku.cgi END !!
awstats Start
awstats END
Backup Start
Backup END
kinou_pflogsumm_report.pl Start
/manager/script/kinou_pflogsumm_report.pl 01 01
kinou_pflogsumm_report.pl END
caku.cgi END !!
awstats Start
awstats END
Backup Start
Backup END
kinou_pflogsumm_report.pl Start
/manager/script/kinou_pflogsumm_report.pl 01 02
kinou_pflogsumm_report.pl END
caku.cgi END !!
awstats Start
awstats END
Backup Start
Backup END
kinou_pflogsumm_report.pl Start
/manager/script/kinou_pflogsumm_report.pl 01 03
kinou_pflogsumm_report.pl END
caku.cgi END !!
awstats Start
awstats END
Backup Start
Backup END
kinou_pflogsumm_report.pl Start
/manager/script/kinou_pflogsumm_report.pl 01 04
kinou_pflogsumm_report.pl END
caku.cgi END !!
awstats Start
awstats END
Backup Start
Backup END
kinou_pflogsumm_report.pl Start
/manager/script/kinou_pflogsumm_report.pl 01 05
kinou_pflogsumm_report.pl END
caku.cgi END !!
awstats Start
awstats END
Backup Start
Backup END
kinou_pflogsumm_report.pl Start
/manager/script/kinou_pflogsumm_report.pl 01 06
kinou_pflogsumm_report.pl END
caku.cgi END !!
awstats Start
awstats END
Backup Start
Backup END
kinou_pflogsumm_report.pl Start
/manager/script/kinou_pflogsumm_report.pl 01 07
kinou_pflogsumm_report.pl END
caku.cgi END !!
awstats Start
awstats END
Backup Start
Backup END
kinou_pflogsumm_report.pl Start
/manager/script/kinou_pflogsumm_report.pl 01 08
kinou_pflogsumm_report.pl END
caku.cgi END !!
awstats Start
awstats END
Backup Start
Backup END
kinou_pflogsumm_report.pl Start
/manager/script/kinou_pflogsumm_report.pl 01 09
kinou_pflogsumm_report.pl END
caku.cgi END !!
awstats Start
awstats END
Backup Start
Backup END
kinou_pflogsumm_report.pl Start
/manager/script/kinou_pflogsumm_report.pl 01 10
kinou_pflogsumm_report.pl END
caku.cgi END !!
awstats Start
awstats END
Backup Start
Backup END
kinou_pflogsumm_report.pl Start
/manager/script/kinou_pflogsumm_report.pl 01 11
kinou_pflogsumm_report.pl END
caku.cgi END !!
awstats Start
awstats END
Backup Start
Backup END
kinou_pflogsumm_report.pl Start
/manager/script/kinou_pflogsumm_report.pl 01 12
kinou_pflogsumm_report.pl END
caku.cgi END !!
awstats Start
awstats END
Backup Start
Backup END
kinou_pflogsumm_report.pl Start
/manager/script/kinou_pflogsumm_report.pl 01 13
kinou_pflogsumm_report.pl END
caku.cgi END !!
awstats Start
awstats END
Backup Start
Backup END
kinou_pflogsumm_report.pl Start
/manager/script/kinou_pflogsumm_report.pl 01 14
kinou_pflogsumm_report.pl END
caku.cgi END !!
awstats Start
awstats END
Backup Start
Backup END
kinou_pflogsumm_report.pl Start
/manager/script/kinou_pflogsumm_report.pl 01 15
kinou_pflogsumm_report.pl END
caku.cgi END !!
awstats Start
awstats END
Backup Start
Backup END
kinou_pflogsumm_report.pl Start
/manager/script/kinou_pflogsumm_report.pl 01 16
kinou_pflogsumm_report.pl END
caku.cgi END !!
awstats Start
awstats END
Backup Start
Backup END
kinou_pflogsumm_report.pl Start
/manager/script/kinou_pflogsumm_report.pl 01 17
kinou_pflogsumm_report.pl END
caku.cgi END !!
awstats Start
awstats END
Backup Start
Backup END
kinou_pflogsumm_report.pl Start
/manager/script/kinou_pflogsumm_report.pl 01 18
kinou_pflogsumm_report.pl END
caku.cgi END !!
awstats Start
awstats END
Backup Start
Backup END
kinou_pflogsumm_report.pl Start
/manager/script/kinou_pflogsumm_report.pl 01 19
kinou_pflogsumm_report.pl END
caku.cgi END !!
awstats Start
awstats END
Backup Start
Backup END
kinou_pflogsumm_report.pl Start
/manager/script/kinou_pflogsumm_report.pl 01 20
kinou_pflogsumm_report.pl END
caku.cgi END !!
awstats Start
awstats END
Backup Start
Backup END
kinou_pflogsumm_report.pl Start
/manager/script/kinou_pflogsumm_report.pl 01 21
kinou_pflogsumm_report.pl END
caku.cgi END !!
awstats Start
awstats END
Backup Start
Backup END
kinou_pflogsumm_report.pl Start
/manager/script/kinou_pflogsumm_report.pl 01 22
kinou_pflogsumm_report.pl END
caku.cgi END !!
awstats Start
awstats END
Backup Start
Backup END
kinou_pflogsumm_report.pl Start
/manager/script/kinou_pflogsumm_report.pl 01 23
kinou_pflogsumm_report.pl END
caku.cgi END !!
awstats Start
awstats END
Backup Start
Backup END
kinou_pflogsumm_report.pl Start
/manager/script/kinou_pflogsumm_report.pl 01 24
kinou_pflogsumm_report.pl END
caku.cgi END !!
awstats Start
awstats END
Backup Start
Backup END
kinou_pflogsumm_report.pl Start
/manager/script/kinou_pflogsumm_report.pl 01 25
kinou_pflogsumm_report.pl END
caku.cgi END !!
awstats Start
awstats END
Backup Start
Backup END
kinou_pflogsumm_report.pl Start
/manager/script/kinou_pflogsumm_report.pl 01 26
kinou_pflogsumm_report.pl END
caku.cgi END !!
awstats Start
awstats END
Backup Start
Backup END
kinou_pflogsumm_report.pl Start
/manager/script/kinou_pflogsumm_report.pl 01 27
kinou_pflogsumm_report.pl END
caku.cgi END !!
awstats Start
awstats END
Backup Start
Backup END
kinou_pflogsumm_report.pl Start
/manager/script/kinou_pflogsumm_report.pl 01 28
kinou_pflogsumm_report.pl END
caku.cgi END !!
awstats Start
awstats END
Backup Start
Backup END
kinou_pflogsumm_report.pl Start
/manager/script/kinou_pflogsumm_report.pl 01 29
kinou_pflogsumm_report.pl END
caku.cgi END !!
awstats Start
awstats END
Backup Start
Backup END
kinou_pflogsumm_report.pl Start
/manager/script/kinou_pflogsumm_report.pl 01 30
kinou_pflogsumm_report.pl END
caku.cgi END !!
awstats Start
awstats END
Backup Start
Backup END
kinou_pflogsumm_report.pl Start
/manager/script/kinou_pflogsumm_report.pl 01 31
kinou_pflogsumm_report.pl END
caku.cgi END !!
awstats Start
awstats END
Backup Start
Backup END
kinou_pflogsumm_report.pl Start
/manager/script/kinou_pflogsumm_report.pl 02 01
kinou_pflogsumm_report.pl END
caku.cgi END !!
awstats Start
awstats END
Backup Start
Backup END
kinou_pflogsumm_report.pl Start
/manager/script/kinou_pflogsumm_report.pl 02 02
kinou_pflogsumm_report.pl END
caku.cgi END !!
awstats Start
awstats END
Backup Start
Backup END
kinou_pflogsumm_report.pl Start
/manager/script/kinou_pflogsumm_report.pl 02 03
kinou_pflogsumm_report.pl END
caku.cgi END !!
awstats Start
awstats END
Backup Start
Backup END
kinou_pflogsumm_report.pl Start
/manager/script/kinou_pflogsumm_report.pl 02 04
kinou_pflogsumm_report.pl END
caku.cgi END !!
awstats Start
awstats END
Backup Start
Backup END
kinou_pflogsumm_report.pl Start
/manager/script/kinou_pflogsumm_report.pl 02 05
kinou_pflogsumm_report.pl END
caku.cgi END !!
awstats Start
awstats END
Backup Start
Backup END
kinou_pflogsumm_report.pl Start
/manager/script/kinou_pflogsumm_report.pl 02 06
kinou_pflogsumm_report.pl END
caku.cgi END !!
awstats Start
awstats END
Backup Start
Backup END
kinou_pflogsumm_report.pl Start
/manager/script/kinou_pflogsumm_report.pl 02 07
kinou_pflogsumm_report.pl END
caku.cgi END !!
awstats Start
awstats END
Backup Start
Backup END
kinou_pflogsumm_report.pl Start
/manager/script/kinou_pflogsumm_report.pl 02 08
kinou_pflogsumm_report.pl END
caku.cgi END !!
awstats Start
awstats END
Backup Start
Backup END
kinou_pflogsumm_report.pl Start
/manager/script/kinou_pflogsumm_report.pl 02 09
kinou_pflogsumm_report.pl END
caku.cgi END !!
awstats Start
awstats END
Backup Start
Backup END
kinou_pflogsumm_report.pl Start
/manager/script/kinou_pflogsumm_report.pl 02 10
kinou_pflogsumm_report.pl END
caku.cgi END !!
awstats Start
awstats END
Backup Start
Backup END
kinou_pflogsumm_report.pl Start
/manager/script/kinou_pflogsumm_report.pl 02 11
kinou_pflogsumm_report.pl END
caku.cgi END !!
awstats Start
awstats END
Backup Start
Backup END
kinou_pflogsumm_report.pl Start
/manager/script/kinou_pflogsumm_report.pl 02 12
kinou_pflogsumm_report.pl END
caku.cgi END !!
awstats Start
awstats END
Backup Start
Backup END
kinou_pflogsumm_report.pl Start
/manager/script/kinou_pflogsumm_report.pl 02 13
kinou_pflogsumm_report.pl END
caku.cgi END !!
awstats Start
awstats END
Backup Start
Backup END
kinou_pflogsumm_report.pl Start
/manager/script/kinou_pflogsumm_report.pl 02 14
kinou_pflogsumm_report.pl END
caku.cgi END !!
awstats Start
awstats END
Backup Start
Backup END
kinou_pflogsumm_report.pl Start
/manager/script/kinou_pflogsumm_report.pl 02 15
kinou_pflogsumm_report.pl END
caku.cgi END !!
awstats Start
awstats END
Backup Start
Backup END
kinou_pflogsumm_report.pl Start
/manager/script/kinou_pflogsumm_report.pl 02 16
kinou_pflogsumm_report.pl END
caku.cgi END !!
awstats Start
awstats END
Backup Start
Backup END
kinou_pflogsumm_report.pl Start
/manager/script/kinou_pflogsumm_report.pl 02 17
kinou_pflogsumm_report.pl END
caku.cgi END !!
awstats Start
awstats END
Backup Start
Backup END
kinou_pflogsumm_report.pl Start
/manager/script/kinou_pflogsumm_report.pl 02 18
kinou_pflogsumm_report.pl END
caku.cgi END !!
awstats Start
awstats END
Backup Start
Backup END
kinou_pflogsumm_report.pl Start
/manager/script/kinou_pflogsumm_report.pl 02 19
kinou_pflogsumm_report.pl END
caku.cgi END !!
awstats Start
awstats END
Backup Start
Backup END
kinou_pflogsumm_report.pl Start
/manager/script/kinou_pflogsumm_report.pl 02 20
kinou_pflogsumm_report.pl END
caku.cgi END !!
awstats Start
awstats END
Backup Start
Backup END
kinou_pflogsumm_report.pl Start
/manager/script/kinou_pflogsumm_report.pl 02 21
kinou_pflogsumm_report.pl END
caku.cgi END !!
awstats Start
awstats END
Backup Start
Backup END
kinou_pflogsumm_report.pl Start
/manager/script/kinou_pflogsumm_report.pl 02 22
kinou_pflogsumm_report.pl END
caku.cgi END !!
awstats Start
awstats END
Backup Start
Backup END
kinou_pflogsumm_report.pl Start
/manager/script/kinou_pflogsumm_report.pl 02 23
kinou_pflogsumm_report.pl END
caku.cgi END !!
awstats Start
awstats END
Backup Start
Backup END
kinou_pflogsumm_report.pl Start
/manager/script/kinou_pflogsumm_report.pl 02 24
kinou_pflogsumm_report.pl END
caku.cgi END !!
awstats Start
awstats END
Backup Start
Backup END
kinou_pflogsumm_report.pl Start
/manager/script/kinou_pflogsumm_report.pl 02 25
kinou_pflogsumm_report.pl END
caku.cgi END !!
awstats Start
awstats END
Backup Start
Backup END
kinou_pflogsumm_report.pl Start
/manager/script/kinou_pflogsumm_report.pl 02 26
kinou_pflogsumm_report.pl END
caku.cgi END !!
awstats Start
awstats END
Backup Start
Backup END
kinou_pflogsumm_report.pl Start
/manager/script/kinou_pflogsumm_report.pl 02 27
kinou_pflogsumm_report.pl END
caku.cgi END !!
awstats Start
awstats END
Backup Start
Backup END
kinou_pflogsumm_report.pl Start
/manager/script/kinou_pflogsumm_report.pl 02 28
kinou_pflogsumm_report.pl END
caku.cgi END !!
awstats Start
awstats END
Backup Start
Backup END
kinou_pflogsumm_report.pl Start
/manager/script/kinou_pflogsumm_report.pl 03 01
kinou_pflogsumm_report.pl END
caku.cgi END !!
awstats Start
awstats END
Backup Start
Backup END
kinou_pflogsumm_report.pl Start
/manager/script/kinou_pflogsumm_report.pl 03 02
kinou_pflogsumm_report.pl END
caku.cgi END !!
awstats Start
awstats END
Backup Start
Backup END
kinou_pflogsumm_report.pl Start
/manager/script/kinou_pflogsumm_report.pl 03 03
kinou_pflogsumm_report.pl END
caku.cgi END !!
awstats Start
awstats END
Backup Start
Backup END
kinou_pflogsumm_report.pl Start
/manager/script/kinou_pflogsumm_report.pl 03 04
kinou_pflogsumm_report.pl END
caku.cgi END !!
awstats Start
awstats END
Backup Start
Backup END
kinou_pflogsumm_report.pl Start
/manager/script/kinou_pflogsumm_report.pl 03 05
kinou_pflogsumm_report.pl END
caku.cgi END !!
awstats Start
awstats END
Backup Start
Backup END
kinou_pflogsumm_report.pl Start
/manager/script/kinou_pflogsumm_report.pl 03 06
kinou_pflogsumm_report.pl END
caku.cgi END !!
awstats Start
awstats END
Backup Start
Backup END
kinou_pflogsumm_report.pl Start
/manager/script/kinou_pflogsumm_report.pl 03 07
kinou_pflogsumm_report.pl END
caku.cgi END !!
awstats Start
awstats END
Backup Start
Backup END
kinou_pflogsumm_report.pl Start
/manager/script/kinou_pflogsumm_report.pl 03 08
kinou_pflogsumm_report.pl END
caku.cgi END !!
awstats Start
awstats END
Backup Start
Backup END
kinou_pflogsumm_report.pl Start
/manager/script/kinou_pflogsumm_report.pl 03 09
kinou_pflogsumm_report.pl END
caku.cgi END !!
awstats Start
awstats END
Backup Start
Backup END
kinou_pflogsumm_report.pl Start
/manager/script/kinou_pflogsumm_report.pl 03 10
kinou_pflogsumm_report.pl END
caku.cgi END !!
awstats Start
awstats END
Backup Start
Backup END
kinou_pflogsumm_report.pl Start
/manager/script/kinou_pflogsumm_report.pl 03 11
kinou_pflogsumm_report.pl END
caku.cgi END !!
awstats Start
awstats END
Backup Start
Backup END
kinou_pflogsumm_report.pl Start
/manager/script/kinou_pflogsumm_report.pl 03 12
kinou_pflogsumm_report.pl END
caku.cgi END !!
awstats Start
awstats END
Backup Start
Backup END
kinou_pflogsumm_report.pl Start
/manager/script/kinou_pflogsumm_report.pl 03 13
kinou_pflogsumm_report.pl END
caku.cgi END !!
awstats Start
awstats END
Backup Start
Backup END
kinou_pflogsumm_report.pl Start
/manager/script/kinou_pflogsumm_report.pl 03 14
kinou_pflogsumm_report.pl END
caku.cgi END !!
awstats Start
awstats END
Backup Start
Backup END
kinou_pflogsumm_report.pl Start
/manager/script/kinou_pflogsumm_report.pl 03 15
kinou_pflogsumm_report.pl END
caku.cgi END !!
awstats Start
awstats END
Backup Start
Backup END
kinou_pflogsumm_report.pl Start
/manager/script/kinou_pflogsumm_report.pl 03 16
kinou_pflogsumm_report.pl END
caku.cgi END !!
awstats Start
awstats END
Backup Start
Backup END
kinou_pflogsumm_report.pl Start
/manager/script/kinou_pflogsumm_report.pl 03 17
kinou_pflogsumm_report.pl END
caku.cgi END !!
awstats Start
awstats END
Backup Start
Backup END
kinou_pflogsumm_report.pl Start
/manager/script/kinou_pflogsumm_report.pl 03 18
kinou_pflogsumm_report.pl END
caku.cgi END !!
awstats Start
awstats END
Backup Start
Backup END
kinou_pflogsumm_report.pl Start
/manager/script/kinou_pflogsumm_report.pl 03 19
kinou_pflogsumm_report.pl END
caku.cgi END !!
awstats Start
awstats END
Backup Start
Backup END
kinou_pflogsumm_report.pl Start
/manager/script/kinou_pflogsumm_report.pl 03 20
kinou_pflogsumm_report.pl END
caku.cgi END !!
awstats Start
awstats END
Backup Start
Backup END
kinou_pflogsumm_report.pl Start
/manager/script/kinou_pflogsumm_report.pl 03 21
kinou_pflogsumm_report.pl END
caku.cgi END !!
awstats Start
awstats END
Backup Start
Backup END
kinou_pflogsumm_report.pl Start
/manager/script/kinou_pflogsumm_report.pl 03 22
kinou_pflogsumm_report.pl END
caku.cgi END !!
awstats Start
awstats END
Backup Start
Backup END
kinou_pflogsumm_report.pl Start
/manager/script/kinou_pflogsumm_report.pl 03 23
kinou_pflogsumm_report.pl END
caku.cgi END !!
awstats Start
awstats END
Backup Start
Backup END
kinou_pflogsumm_report.pl Start
/manager/script/kinou_pflogsumm_report.pl 03 24
kinou_pflogsumm_report.pl END
caku.cgi END !!
awstats Start
awstats END
Backup Start
Backup END
kinou_pflogsumm_report.pl Start
/manager/script/kinou_pflogsumm_report.pl 03 25
kinou_pflogsumm_report.pl END
caku.cgi END !!
awstats Start
awstats END
Backup Start
Backup END
kinou_pflogsumm_report.pl Start
/manager/script/kinou_pflogsumm_report.pl 03 26
kinou_pflogsumm_report.pl END
caku.cgi END !!
awstats Start
awstats END
Backup Start
Backup END
kinou_pflogsumm_report.pl Start
/manager/script/kinou_pflogsumm_report.pl 03 27
kinou_pflogsumm_report.pl END
caku.cgi END !!
awstats Start
awstats END
Backup Start
Backup END
kinou_pflogsumm_report.pl Start
/manager/script/kinou_pflogsumm_report.pl 03 28
kinou_pflogsumm_report.pl END
caku.cgi END !!
awstats Start
awstats END
Backup Start
Backup END
kinou_pflogsumm_report.pl Start
/manager/script/kinou_pflogsumm_report.pl 03 29
kinou_pflogsumm_report.pl END
caku.cgi END !!
awstats Start
awstats END
Backup Start
Backup END
kinou_pflogsumm_report.pl Start
/manager/script/kinou_pflogsumm_report.pl 03 30
kinou_pflogsumm_report.pl END
caku.cgi END !!
awstats Start
awstats END
Backup Start
Backup END
kinou_pflogsumm_report.pl Start
/manager/script/kinou_pflogsumm_report.pl 03 31
kinou_pflogsumm_report.pl END
caku.cgi END !!
awstats Start
awstats END
Backup Start
Backup END
kinou_pflogsumm_report.pl Start
/manager/script/kinou_pflogsumm_report.pl 04 01
kinou_pflogsumm_report.pl END
caku.cgi END !!
awstats Start
awstats END
Backup Start
Backup END
kinou_pflogsumm_report.pl Start
/manager/script/kinou_pflogsumm_report.pl 04 02
kinou_pflogsumm_report.pl END
caku.cgi END !!
awstats Start
awstats END
Backup Start
Backup END
kinou_pflogsumm_report.pl Start
/manager/script/kinou_pflogsumm_report.pl 04 03
kinou_pflogsumm_report.pl END
caku.cgi END !!
awstats Start
awstats END
Backup Start
Backup END
kinou_pflogsumm_report.pl Start
/manager/script/kinou_pflogsumm_report.pl 04 04
kinou_pflogsumm_report.pl END
caku.cgi END !!
awstats Start
awstats END
Backup Start
Backup END
kinou_pflogsumm_report.pl Start
/manager/script/kinou_pflogsumm_report.pl 04 05
kinou_pflogsumm_report.pl END
caku.cgi END !!
awstats Start
awstats END
Backup Start
Backup END
kinou_pflogsumm_report.pl Start
/manager/script/kinou_pflogsumm_report.pl 04 06
kinou_pflogsumm_report.pl END
caku.cgi END !!
awstats Start
awstats END
Backup Start
Backup END
kinou_pflogsumm_report.pl Start
/manager/script/kinou_pflogsumm_report.pl 04 07
kinou_pflogsumm_report.pl END
caku.cgi END !!
awstats Start
awstats END
Backup Start
Backup END
kinou_pflogsumm_report.pl Start
/manager/script/kinou_pflogsumm_report.pl 04 08
kinou_pflogsumm_report.pl END
caku.cgi END !!
awstats Start
awstats END
Backup Start
Backup END
kinou_pflogsumm_report.pl Start
/manager/script/kinou_pflogsumm_report.pl 04 09
kinou_pflogsumm_report.pl END
caku.cgi END !!
awstats Start
awstats END
Backup Start
Backup END
kinou_pflogsumm_report.pl Start
/manager/script/kinou_pflogsumm_report.pl 04 10
kinou_pflogsumm_report.pl END
caku.cgi END !!
awstats Start
awstats END
Backup Start
Backup END
kinou_pflogsumm_report.pl Start
/manager/script/kinou_pflogsumm_report.pl 04 11
kinou_pflogsumm_report.pl END
caku.cgi END !!
awstats Start
awstats END
Backup Start
Backup END
kinou_pflogsumm_report.pl Start
/manager/script/kinou_pflogsumm_report.pl 04 12
kinou_pflogsumm_report.pl END
caku.cgi END !!
awstats Start
awstats END
Backup Start
Backup END
kinou_pflogsumm_report.pl Start
/manager/script/kinou_pflogsumm_report.pl 04 13
kinou_pflogsumm_report.pl END
caku.cgi END !!
awstats Start
awstats END
Backup Start
Backup END
kinou_pflogsumm_report.pl Start
/manager/script/kinou_pflogsumm_report.pl 04 14
kinou_pflogsumm_report.pl END
caku.cgi END !!
awstats Start
awstats END
Backup Start
Backup END
kinou_pflogsumm_report.pl Start
/manager/script/kinou_pflogsumm_report.pl 04 15
kinou_pflogsumm_report.pl END
caku.cgi END !!
awstats Start
awstats END
Backup Start
Backup END
kinou_pflogsumm_report.pl Start
/manager/script/kinou_pflogsumm_report.pl 04 16
kinou_pflogsumm_report.pl END
caku.cgi END !!
awstats Start
awstats END
Backup Start
Backup END
kinou_pflogsumm_report.pl Start
/manager/script/kinou_pflogsumm_report.pl 04 17
kinou_pflogsumm_report.pl END
caku.cgi END !!
awstats Start
awstats END
Backup Start
Backup END
kinou_pflogsumm_report.pl Start
/manager/script/kinou_pflogsumm_report.pl 04 18
kinou_pflogsumm_report.pl END
caku.cgi END !!
awstats Start
awstats END
Backup Start
Backup END
kinou_pflogsumm_report.pl Start
/manager/script/kinou_pflogsumm_report.pl 04 19
kinou_pflogsumm_report.pl END
caku.cgi END !!
awstats Start
awstats END
Backup Start
Backup END
kinou_pflogsumm_report.pl Start
/manager/script/kinou_pflogsumm_report.pl 04 20
kinou_pflogsumm_report.pl END
caku.cgi END !!
awstats Start
awstats END
Backup Start
Backup END
kinou_pflogsumm_report.pl Start
/manager/script/kinou_pflogsumm_report.pl 04 21
kinou_pflogsumm_report.pl END
caku.cgi END !!
awstats Start
awstats END
Backup Start
Backup END
kinou_pflogsumm_report.pl Start
/manager/script/kinou_pflogsumm_report.pl 04 22
kinou_pflogsumm_report.pl END
caku.cgi END !!
awstats Start
awstats END
Backup Start
Backup END
kinou_pflogsumm_report.pl Start
/manager/script/kinou_pflogsumm_report.pl 04 23
kinou_pflogsumm_report.pl END
caku.cgi END !!
awstats Start
awstats END
Backup Start
Backup END
kinou_pflogsumm_report.pl Start
/manager/script/kinou_pflogsumm_report.pl 04 24
kinou_pflogsumm_report.pl END
caku.cgi END !!
awstats Start
awstats END
Backup Start
Backup END
kinou_pflogsumm_report.pl Start
/manager/script/kinou_pflogsumm_report.pl 04 25
kinou_pflogsumm_report.pl END
caku.cgi END !!
awstats Start
awstats END
Backup Start
Backup END
kinou_pflogsumm_report.pl Start
/manager/script/kinou_pflogsumm_report.pl 04 26
kinou_pflogsumm_report.pl END
caku.cgi END !!
awstats Start
awstats END
Backup Start
Backup END
kinou_pflogsumm_report.pl Start
/manager/script/kinou_pflogsumm_report.pl 04 27
kinou_pflogsumm_report.pl END
caku.cgi END !!
awstats Start
awstats END
Backup Start
Backup END
kinou_pflogsumm_report.pl Start
/manager/script/kinou_pflogsumm_report.pl 04 28
kinou_pflogsumm_report.pl END
caku.cgi END !!
awstats Start
awstats END
Backup Start
Backup END
kinou_pflogsumm_report.pl Start
/manager/script/kinou_pflogsumm_report.pl 04 29
kinou_pflogsumm_report.pl END
caku.cgi END !!
awstats Start
awstats END
Backup Start
Backup END
kinou_pflogsumm_report.pl Start
/manager/script/kinou_pflogsumm_report.pl 04 30
kinou_pflogsumm_report.pl END
caku.cgi END !!
awstats Start
awstats END
Backup Start
Backup END
kinou_pflogsumm_report.pl Start
/manager/script/kinou_pflogsumm_report.pl 05 01
kinou_pflogsumm_report.pl END
caku.cgi END !!
awstats Start
awstats END
Backup Start
Backup END
kinou_pflogsumm_report.pl Start
/manager/script/kinou_pflogsumm_report.pl 05 02
kinou_pflogsumm_report.pl END
caku.cgi END !!
awstats Start
awstats END
Backup Start
Backup END
kinou_pflogsumm_report.pl Start
/manager/script/kinou_pflogsumm_report.pl 05 03
kinou_pflogsumm_report.pl END
caku.cgi END !!
awstats Start
awstats END
Backup Start
Backup END
kinou_pflogsumm_report.pl Start
/manager/script/kinou_pflogsumm_report.pl 05 04
kinou_pflogsumm_report.pl END
caku.cgi END !!
awstats Start
awstats END
Backup Start
Backup END
kinou_pflogsumm_report.pl Start
/manager/script/kinou_pflogsumm_report.pl 05 05
kinou_pflogsumm_report.pl END
caku.cgi END !!
awstats Start
awstats END
Backup Start
Backup END
kinou_pflogsumm_report.pl Start
/manager/script/kinou_pflogsumm_report.pl 05 06
kinou_pflogsumm_report.pl END
caku.cgi END !!
awstats Start
awstats END
Backup Start
Backup END
kinou_pflogsumm_report.pl Start
/manager/script/kinou_pflogsumm_report.pl 05 07
kinou_pflogsumm_report.pl END
caku.cgi END !!
awstats Start
awstats END
Backup Start
Backup END
kinou_pflogsumm_report.pl Start
/manager/script/kinou_pflogsumm_report.pl 05 08
kinou_pflogsumm_report.pl END
caku.cgi END !!
awstats Start
awstats END
Backup Start
Backup END
kinou_pflogsumm_report.pl Start
/manager/script/kinou_pflogsumm_report.pl 05 09
kinou_pflogsumm_report.pl END
caku.cgi END !!
awstats Start
awstats END
Backup Start
Backup END
kinou_pflogsumm_report.pl Start
/manager/script/kinou_pflogsumm_report.pl 05 10
kinou_pflogsumm_report.pl END
caku.cgi END !!
awstats Start
awstats END
Backup Start
Backup END
kinou_pflogsumm_report.pl Start
/manager/script/kinou_pflogsumm_report.pl 05 11
kinou_pflogsumm_report.pl END
caku.cgi END !!
awstats Start
awstats END
Backup Start
Backup END
kinou_pflogsumm_report.pl Start
/manager/script/kinou_pflogsumm_report.pl 05 12
kinou_pflogsumm_report.pl END
caku.cgi END !!
awstats Start
awstats END
Backup Start
Backup END
kinou_pflogsumm_report.pl Start
/manager/script/kinou_pflogsumm_report.pl 05 13
kinou_pflogsumm_report.pl END
caku.cgi END !!
awstats Start
awstats END
Backup Start
Backup END
kinou_pflogsumm_report.pl Start
/manager/script/kinou_pflogsumm_report.pl 05 14
kinou_pflogsumm_report.pl END
caku.cgi END !!
awstats Start
awstats END
Backup Start
Backup END
kinou_pflogsumm_report.pl Start
/manager/script/kinou_pflogsumm_report.pl 05 15
kinou_pflogsumm_report.pl END
caku.cgi END !!
awstats Start
awstats END
Backup Start
Backup END
kinou_pflogsumm_report.pl Start
/manager/script/kinou_pflogsumm_report.pl 05 16
kinou_pflogsumm_report.pl END
caku.cgi END !!
awstats Start
awstats END
Backup Start
Backup END
kinou_pflogsumm_report.pl Start
/manager/script/kinou_pflogsumm_report.pl 05 17
kinou_pflogsumm_report.pl END
caku.cgi END !!
awstats Start
awstats END
Backup Start
Backup END
kinou_pflogsumm_report.pl Start
/manager/script/kinou_pflogsumm_report.pl 05 18
kinou_pflogsumm_report.pl END
caku.cgi END !!
awstats Start
awstats END
Backup Start
Backup END
kinou_pflogsumm_report.pl Start
/manager/script/kinou_pflogsumm_report.pl 05 19
kinou_pflogsumm_report.pl END
caku.cgi END !!
awstats Start
awstats END
Backup Start
Backup END
kinou_pflogsumm_report.pl Start
/manager/script/kinou_pflogsumm_report.pl 05 20
kinou_pflogsumm_report.pl END
caku.cgi END !!
awstats Start
awstats END
Backup Start
Backup END
kinou_pflogsumm_report.pl Start
/manager/script/kinou_pflogsumm_report.pl 05 21
kinou_pflogsumm_report.pl END
caku.cgi END !!
awstats Start
awstats END
Backup Start
Backup END
kinou_pflogsumm_report.pl Start
/manager/script/kinou_pflogsumm_report.pl 05 22
kinou_pflogsumm_report.pl END
caku.cgi END !!
awstats Start
awstats END
Backup Start
Backup END
kinou_pflogsumm_report.pl Start
/manager/script/kinou_pflogsumm_report.pl 05 23
kinou_pflogsumm_report.pl END
caku.cgi END !!
awstats Start
awstats END
Backup Start
Backup END
kinou_pflogsumm_report.pl Start
/manager/script/kinou_pflogsumm_report.pl 05 24
kinou_pflogsumm_report.pl END
caku.cgi END !!
awstats Start
awstats END
Backup Start
Backup END
kinou_pflogsumm_report.pl Start
/manager/script/kinou_pflogsumm_report.pl 05 25
kinou_pflogsumm_report.pl END
caku.cgi END !!
awstats Start
awstats END
Backup Start
Backup END
kinou_pflogsumm_report.pl Start
/manager/script/kinou_pflogsumm_report.pl 05 26
kinou_pflogsumm_report.pl END
caku.cgi END !!
awstats Start
awstats END
Backup Start
Backup END
kinou_pflogsumm_report.pl Start
/manager/script/kinou_pflogsumm_report.pl 05 27
kinou_pflogsumm_report.pl END
caku.cgi END !!
awstats Start
awstats END
Backup Start
Backup END
kinou_pflogsumm_report.pl Start
/manager/script/kinou_pflogsumm_report.pl 05 28
kinou_pflogsumm_report.pl END
caku.cgi END !!
awstats Start
awstats END
Backup Start
Backup END
kinou_pflogsumm_report.pl Start
/manager/script/kinou_pflogsumm_report.pl 05 29
kinou_pflogsumm_report.pl END
caku.cgi END !!
awstats Start
awstats END
Backup Start
Backup END
kinou_pflogsumm_report.pl Start
/manager/script/kinou_pflogsumm_report.pl 05 30
kinou_pflogsumm_report.pl END
caku.cgi END !!
awstats Start
awstats END
Backup Start
Backup END
kinou_pflogsumm_report.pl Start
/manager/script/kinou_pflogsumm_report.pl 05 31
kinou_pflogsumm_report.pl END
caku.cgi END !!
awstats Start
awstats END
Backup Start
Backup END
kinou_pflogsumm_report.pl Start
/manager/script/kinou_pflogsumm_report.pl 06 01
kinou_pflogsumm_report.pl END
caku.cgi END !!
awstats Start
awstats END
Backup Start
Backup END
kinou_pflogsumm_report.pl Start
/manager/script/kinou_pflogsumm_report.pl 06 02
kinou_pflogsumm_report.pl END
caku.cgi END !!
awstats Start
awstats END
Backup Start
Backup END
kinou_pflogsumm_report.pl Start
/manager/script/kinou_pflogsumm_report.pl 06 03
kinou_pflogsumm_report.pl END
caku.cgi END !!
awstats Start
awstats END
Backup Start
Backup END
kinou_pflogsumm_report.pl Start
/manager/script/kinou_pflogsumm_report.pl 06 04
kinou_pflogsumm_report.pl END
caku.cgi END !!
awstats Start
awstats END
Backup Start
Backup END
kinou_pflogsumm_report.pl Start
/manager/script/kinou_pflogsumm_report.pl 06 05
kinou_pflogsumm_report.pl END
caku.cgi END !!
awstats Start
awstats END
Backup Start
Backup END
kinou_pflogsumm_report.pl Start
/manager/script/kinou_pflogsumm_report.pl 06 06
kinou_pflogsumm_report.pl END
caku.cgi END !!
awstats Start
awstats END
Backup Start
Backup END
kinou_pflogsumm_report.pl Start
/manager/script/kinou_pflogsumm_report.pl 06 07
kinou_pflogsumm_report.pl END
caku.cgi END !!
awstats Start
awstats END
Backup Start
Backup END
kinou_pflogsumm_report.pl Start
/manager/script/kinou_pflogsumm_report.pl 06 08
kinou_pflogsumm_report.pl END
caku.cgi END !!
awstats Start
awstats END
Backup Start
Backup END
kinou_pflogsumm_report.pl Start
/manager/script/kinou_pflogsumm_report.pl 06 09
kinou_pflogsumm_report.pl END
caku.cgi END !!
awstats Start
awstats END
Backup Start
Backup END
kinou_pflogsumm_report.pl Start
/manager/script/kinou_pflogsumm_report.pl 06 10
kinou_pflogsumm_report.pl END
caku.cgi END !!
awstats Start
awstats END
Backup Start
Backup END
kinou_pflogsumm_report.pl Start
/manager/script/kinou_pflogsumm_report.pl 06 11
kinou_pflogsumm_report.pl END
caku.cgi END !!
awstats Start
awstats END
Backup Start
Backup END
kinou_pflogsumm_report.pl Start
/manager/script/kinou_pflogsumm_report.pl 06 12
kinou_pflogsumm_report.pl END
caku.cgi END !!
awstats Start
awstats END
Backup Start
Backup END
kinou_pflogsumm_report.pl Start
/manager/script/kinou_pflogsumm_report.pl 06 13
kinou_pflogsumm_report.pl END
caku.cgi END !!
awstats Start
awstats END
Backup Start
Backup END
kinou_pflogsumm_report.pl Start
/manager/script/kinou_pflogsumm_report.pl 06 14
kinou_pflogsumm_report.pl END
caku.cgi END !!
awstats Start
awstats END
Backup Start
Backup END
kinou_pflogsumm_report.pl Start
/manager/script/kinou_pflogsumm_report.pl 06 15
kinou_pflogsumm_report.pl END
caku.cgi END !!
awstats Start
awstats END
Backup Start
Backup END
kinou_pflogsumm_report.pl Start
/manager/script/kinou_pflogsumm_report.pl 06 16
kinou_pflogsumm_report.pl END
caku.cgi END !!
awstats Start
awstats END
Backup Start
Backup END
kinou_pflogsumm_report.pl Start
/manager/script/kinou_pflogsumm_report.pl 06 17
kinou_pflogsumm_report.pl END
caku.cgi END !!
awstats Start
awstats END
Backup Start
Backup END
kinou_pflogsumm_report.pl Start
/manager/script/kinou_pflogsumm_report.pl 06 18
kinou_pflogsumm_report.pl END
caku.cgi END !!
awstats Start
awstats END
Backup Start
Backup END
kinou_pflogsumm_report.pl Start
/manager/script/kinou_pflogsumm_report.pl 06 19
kinou_pflogsumm_report.pl END
caku.cgi END !!
awstats Start
awstats END
Backup Start
Backup END
kinou_pflogsumm_report.pl Start
/manager/script/kinou_pflogsumm_report.pl 06 20
kinou_pflogsumm_report.pl END
caku.cgi END !!
awstats Start
awstats END
Backup Start
Backup END
kinou_pflogsumm_report.pl Start
/manager/script/kinou_pflogsumm_report.pl 06 21
kinou_pflogsumm_report.pl END
caku.cgi END !!
awstats Start
awstats END
Backup Start
Backup END
kinou_pflogsumm_report.pl Start
/manager/script/kinou_pflogsumm_report.pl 06 22
kinou_pflogsumm_report.pl END
caku.cgi END !!
awstats Start
awstats END
Backup Start
Backup END
kinou_pflogsumm_report.pl Start
/manager/script/kinou_pflogsumm_report.pl 06 23
kinou_pflogsumm_report.pl END
caku.cgi END !!
awstats Start
awstats END
Backup Start
Backup END
kinou_pflogsumm_report.pl Start
/manager/script/kinou_pflogsumm_report.pl 06 24
kinou_pflogsumm_report.pl END
caku.cgi END !!
awstats Start
awstats END
Backup Start
Backup END
kinou_pflogsumm_report.pl Start
/manager/script/kinou_pflogsumm_report.pl 06 25
kinou_pflogsumm_report.pl END
caku.cgi END !!
awstats Start
awstats END
Backup Start
Backup END
kinou_pflogsumm_report.pl Start
/manager/script/kinou_pflogsumm_report.pl 06 26
kinou_pflogsumm_report.pl END
caku.cgi END !!
awstats Start
awstats END
Backup Start
Backup END
kinou_pflogsumm_report.pl Start
/manager/script/kinou_pflogsumm_report.pl 06 27
kinou_pflogsumm_report.pl END
caku.cgi END !!
awstats Start
awstats END
Backup Start
Backup END
kinou_pflogsumm_report.pl Start
/manager/script/kinou_pflogsumm_report.pl 06 28
kinou_pflogsumm_report.pl END
caku.cgi END !!
awstats Start
awstats END
Backup Start
Backup END
kinou_pflogsumm_report.pl Start
/manager/script/kinou_pflogsumm_report.pl 06 29
kinou_pflogsumm_report.pl END
caku.cgi END !!
awstats Start
awstats END
Backup Start
Backup END
kinou_pflogsumm_report.pl Start
/manager/script/kinou_pflogsumm_report.pl 06 30
kinou_pflogsumm_report.pl END
caku.cgi END !!
awstats Start
awstats END
Backup Start
Backup END
kinou_pflogsumm_report.pl Start
/manager/script/kinou_pflogsumm_report.pl 07 01
kinou_pflogsumm_report.pl END
caku.cgi END !!
awstats Start
awstats END
Backup Start
Backup END
kinou_pflogsumm_report.pl Start
/manager/script/kinou_pflogsumm_report.pl 07 02
kinou_pflogsumm_report.pl END
caku.cgi END !!
awstats Start
awstats END
Backup Start
Backup END
kinou_pflogsumm_report.pl Start
/manager/script/kinou_pflogsumm_report.pl 07 03
kinou_pflogsumm_report.pl END
caku.cgi END !!
awstats Start
awstats END
Backup Start
Backup END
kinou_pflogsumm_report.pl Start
/manager/script/kinou_pflogsumm_report.pl 07 04
kinou_pflogsumm_report.pl END
caku.cgi END !!
awstats Start
awstats END
Backup Start
Backup END
kinou_pflogsumm_report.pl Start
/manager/script/kinou_pflogsumm_report.pl 07 05
kinou_pflogsumm_report.pl END
caku.cgi END !!
awstats Start
awstats END
Backup Start
Backup END
kinou_pflogsumm_report.pl Start
/manager/script/kinou_pflogsumm_report.pl 07 06
kinou_pflogsumm_report.pl END
caku.cgi END !!
awstats Start
awstats END
Backup Start
Backup END
kinou_pflogsumm_report.pl Start
/manager/script/kinou_pflogsumm_report.pl 07 07
kinou_pflogsumm_report.pl END
caku.cgi END !!
awstats Start
awstats END
Backup Start
Backup END
kinou_pflogsumm_report.pl Start
/manager/script/kinou_pflogsumm_report.pl 07 08
kinou_pflogsumm_report.pl END
caku.cgi END !!
awstats Start
awstats END
Backup Start
Backup END
kinou_pflogsumm_report.pl Start
/manager/script/kinou_pflogsumm_report.pl 07 09
kinou_pflogsumm_report.pl END
caku.cgi END !!
awstats Start
awstats END
Backup Start
Backup END
kinou_pflogsumm_report.pl Start
/manager/script/kinou_pflogsumm_report.pl 07 10
kinou_pflogsumm_report.pl END
caku.cgi END !!
awstats Start
awstats END
Backup Start
Backup END
kinou_pflogsumm_report.pl Start
/manager/script/kinou_pflogsumm_report.pl 07 11
kinou_pflogsumm_report.pl END
caku.cgi END !!
awstats Start
awstats END
Backup Start
Backup END
kinou_pflogsumm_report.pl Start
/manager/script/kinou_pflogsumm_report.pl 07 12
kinou_pflogsumm_report.pl END
caku.cgi END !!
awstats Start
awstats END
Backup Start
Backup END
kinou_pflogsumm_report.pl Start
/manager/script/kinou_pflogsumm_report.pl 07 13
kinou_pflogsumm_report.pl END
caku.cgi END !!
awstats Start
awstats END
Backup Start
Backup END
kinou_pflogsumm_report.pl Start
/manager/script/kinou_pflogsumm_report.pl 07 14
kinou_pflogsumm_report.pl END
caku.cgi END !!
awstats Start
awstats END
Backup Start
Backup END
kinou_pflogsumm_report.pl Start
/manager/script/kinou_pflogsumm_report.pl 07 15
kinou_pflogsumm_report.pl END
caku.cgi END !!
awstats Start
awstats END
Backup Start
Backup END
kinou_pflogsumm_report.pl Start
/manager/script/kinou_pflogsumm_report.pl 07 16
kinou_pflogsumm_report.pl END
caku.cgi END !!
awstats Start
awstats END
Backup Start
Backup END
kinou_pflogsumm_report.pl Start
/manager/script/kinou_pflogsumm_report.pl 07 17
kinou_pflogsumm_report.pl END
caku.cgi END !!
awstats Start
awstats END
Backup Start
Backup END
kinou_pflogsumm_report.pl Start
/manager/script/kinou_pflogsumm_report.pl 07 18
kinou_pflogsumm_report.pl END
caku.cgi END !!
awstats Start
awstats END
Backup Start
Backup END
kinou_pflogsumm_report.pl Start
/manager/script/kinou_pflogsumm_report.pl 07 19
kinou_pflogsumm_report.pl END
caku.cgi END !!
awstats Start
awstats END
Backup Start
Backup END
kinou_pflogsumm_report.pl Start
/manager/script/kinou_pflogsumm_report.pl 07 20
kinou_pflogsumm_report.pl END
caku.cgi END !!
awstats Start
awstats END
Backup Start
Backup END
kinou_pflogsumm_report.pl Start
/manager/script/kinou_pflogsumm_report.pl 07 21
kinou_pflogsumm_report.pl END
caku.cgi END !!
awstats Start
awstats END
Backup Start
Backup END
kinou_pflogsumm_report.pl Start
/manager/script/kinou_pflogsumm_report.pl 07 22
kinou_pflogsumm_report.pl END
caku.cgi END !!
awstats Start
awstats END
Backup Start
Backup END
kinou_pflogsumm_report.pl Start
/manager/script/kinou_pflogsumm_report.pl 07 23
kinou_pflogsumm_report.pl END
caku.cgi END !!
awstats Start
awstats END
Backup Start
Backup END
kinou_pflogsumm_report.pl Start
/manager/script/kinou_pflogsumm_report.pl 07 24
kinou_pflogsumm_report.pl END
caku.cgi END !!
awstats Start
awstats END
Backup Start
Backup END
kinou_pflogsumm_report.pl Start
/manager/script/kinou_pflogsumm_report.pl 07 25
kinou_pflogsumm_report.pl END
caku.cgi END !!
awstats Start
awstats END
Backup Start
Backup END
kinou_pflogsumm_report.pl Start
/manager/script/kinou_pflogsumm_report.pl 07 26
kinou_pflogsumm_report.pl END
caku.cgi END !!
awstats Start
awstats END
Backup Start
Backup END
kinou_pflogsumm_report.pl Start
/manager/script/kinou_pflogsumm_report.pl 07 27
kinou_pflogsumm_report.pl END
caku.cgi END !!
awstats Start
awstats END
Backup Start
Backup END
kinou_pflogsumm_report.pl Start
/manager/script/kinou_pflogsumm_report.pl 07 28
kinou_pflogsumm_report.pl END
caku.cgi END !!
awstats Start
awstats END
Backup Start
Backup END
kinou_pflogsumm_report.pl Start
/manager/script/kinou_pflogsumm_report.pl 07 29
kinou_pflogsumm_report.pl END
caku.cgi END !!
awstats Start
awstats END
Backup Start
Backup END
kinou_pflogsumm_report.pl Start
/manager/script/kinou_pflogsumm_report.pl 07 30
kinou_pflogsumm_report.pl END
caku.cgi END !!
awstats Start
awstats END
Backup Start
Backup END
kinou_pflogsumm_report.pl Start
/manager/script/kinou_pflogsumm_report.pl 07 31
kinou_pflogsumm_report.pl END
caku.cgi END !!
awstats Start
awstats END
Backup Start
Backup END
kinou_pflogsumm_report.pl Start
/manager/script/kinou_pflogsumm_report.pl 08 01
kinou_pflogsumm_report.pl END
caku.cgi END !!
awstats Start
awstats END
Backup Start
Backup END
kinou_pflogsumm_report.pl Start
/manager/script/kinou_pflogsumm_report.pl 08 02
kinou_pflogsumm_report.pl END
caku.cgi END !!
awstats Start
awstats END
Backup Start
Backup END
kinou_pflogsumm_report.pl Start
/manager/script/kinou_pflogsumm_report.pl 08 03
kinou_pflogsumm_report.pl END
caku.cgi END !!
awstats Start
awstats END
Backup Start
Backup END
kinou_pflogsumm_report.pl Start
/manager/script/kinou_pflogsumm_report.pl 08 04
kinou_pflogsumm_report.pl END
caku.cgi END !!
awstats Start
awstats END
Backup Start
Backup END
kinou_pflogsumm_report.pl Start
/manager/script/kinou_pflogsumm_report.pl 08 05
kinou_pflogsumm_report.pl END
caku.cgi END !!
awstats Start
awstats END
Backup Start
Backup END
kinou_pflogsumm_report.pl Start
/manager/script/kinou_pflogsumm_report.pl 08 06
kinou_pflogsumm_report.pl END
caku.cgi END !!
awstats Start
awstats END
Backup Start
Backup END
kinou_pflogsumm_report.pl Start
/manager/script/kinou_pflogsumm_report.pl 08 07
kinou_pflogsumm_report.pl END
caku.cgi END !!
awstats Start
awstats END
Backup Start
Backup END
kinou_pflogsumm_report.pl Start
/manager/script/kinou_pflogsumm_report.pl 08 08
kinou_pflogsumm_report.pl END
caku.cgi END !!
awstats Start
awstats END
Backup Start
Backup END
kinou_pflogsumm_report.pl Start
/manager/script/kinou_pflogsumm_report.pl 08 09
kinou_pflogsumm_report.pl END
caku.cgi END !!
awstats Start
awstats END
Backup Start
Backup END
kinou_pflogsumm_report.pl Start
/manager/script/kinou_pflogsumm_report.pl 08 10
kinou_pflogsumm_report.pl END
caku.cgi END !!
awstats Start
awstats END
Backup Start
Backup END
kinou_pflogsumm_report.pl Start
/manager/script/kinou_pflogsumm_report.pl 08 11
kinou_pflogsumm_report.pl END
caku.cgi END !!
awstats Start
awstats END
Backup Start
Backup END
kinou_pflogsumm_report.pl Start
/manager/script/kinou_pflogsumm_report.pl 08 12
kinou_pflogsumm_report.pl END
caku.cgi END !!
awstats Start
awstats END
Backup Start
Backup END
kinou_pflogsumm_report.pl Start
/manager/script/kinou_pflogsumm_report.pl 08 13
kinou_pflogsumm_report.pl END
caku.cgi END !!
awstats Start
awstats END
Backup Start
Backup END
kinou_pflogsumm_report.pl Start
/manager/script/kinou_pflogsumm_report.pl 08 14
kinou_pflogsumm_report.pl END
caku.cgi END !!
awstats Start
awstats END
Backup Start
Backup END
kinou_pflogsumm_report.pl Start
/manager/script/kinou_pflogsumm_report.pl 08 15
kinou_pflogsumm_report.pl END
caku.cgi END !!
awstats Start
awstats END
Backup Start
Backup END
kinou_pflogsumm_report.pl Start
/manager/script/kinou_pflogsumm_report.pl 08 16
kinou_pflogsumm_report.pl END
caku.cgi END !!
awstats Start
awstats END
Backup Start
Backup END
kinou_pflogsumm_report.pl Start
/manager/script/kinou_pflogsumm_report.pl 08 17
kinou_pflogsumm_report.pl END
caku.cgi END !!
awstats Start
awstats END
Backup Start
Backup END
kinou_pflogsumm_report.pl Start
/manager/script/kinou_pflogsumm_report.pl 08 18
kinou_pflogsumm_report.pl END
caku.cgi END !!
awstats Start
awstats END
Backup Start
Backup END
kinou_pflogsumm_report.pl Start
/manager/script/kinou_pflogsumm_report.pl 08 19
kinou_pflogsumm_report.pl END
caku.cgi END !!
awstats Start
awstats END
Backup Start
Backup END
kinou_pflogsumm_report.pl Start
/manager/script/kinou_pflogsumm_report.pl 08 20
kinou_pflogsumm_report.pl END
caku.cgi END !!
awstats Start
awstats END
Backup Start
Backup END
kinou_pflogsumm_report.pl Start
/manager/script/kinou_pflogsumm_report.pl 08 21
kinou_pflogsumm_report.pl END
caku.cgi END !!
awstats Start
awstats END
Backup Start
Backup END
kinou_pflogsumm_report.pl Start
/manager/script/kinou_pflogsumm_report.pl 08 22
kinou_pflogsumm_report.pl END
caku.cgi END !!
awstats Start
awstats END
Backup Start
Backup END
kinou_pflogsumm_report.pl Start
/manager/script/kinou_pflogsumm_report.pl 08 23
kinou_pflogsumm_report.pl END
caku.cgi END !!
awstats Start
awstats END
Backup Start
Backup END
kinou_pflogsumm_report.pl Start
/manager/script/kinou_pflogsumm_report.pl 08 24
kinou_pflogsumm_report.pl END
caku.cgi END !!
awstats Start
awstats END
Backup Start
Backup END
kinou_pflogsumm_report.pl Start
/manager/script/kinou_pflogsumm_report.pl 08 25
kinou_pflogsumm_report.pl END
caku.cgi END !!
awstats Start
awstats END
Backup Start
Backup END
kinou_pflogsumm_report.pl Start
/manager/script/kinou_pflogsumm_report.pl 08 26
kinou_pflogsumm_report.pl END
caku.cgi END !!
awstats Start
awstats END
Backup Start
Backup END
kinou_pflogsumm_report.pl Start
/manager/script/kinou_pflogsumm_report.pl 08 27
kinou_pflogsumm_report.pl END
caku.cgi END !!
awstats Start
awstats END
Backup Start
Backup END
kinou_pflogsumm_report.pl Start
/manager/script/kinou_pflogsumm_report.pl 08 28
kinou_pflogsumm_report.pl END
caku.cgi END !!
awstats Start
awstats END
Backup Start
Backup END
kinou_pflogsumm_report.pl Start
/manager/script/kinou_pflogsumm_report.pl 08 29
kinou_pflogsumm_report.pl END
caku.cgi END !!
awstats Start
awstats END
Backup Start
Backup END
kinou_pflogsumm_report.pl Start
/manager/script/kinou_pflogsumm_report.pl 08 30
kinou_pflogsumm_report.pl END
caku.cgi END !!
awstats Start
awstats END
Backup Start
Backup END
kinou_pflogsumm_report.pl Start
/manager/script/kinou_pflogsumm_report.pl 08 31
kinou_pflogsumm_report.pl END
caku.cgi END !!
awstats Start
awstats END
Backup Start
Backup END
kinou_pflogsumm_report.pl Start
/manager/script/kinou_pflogsumm_report.pl 09 01
kinou_pflogsumm_report.pl END
caku.cgi END !!
awstats Start
awstats END
Backup Start
Backup END
kinou_pflogsumm_report.pl Start
/manager/script/kinou_pflogsumm_report.pl 09 02
kinou_pflogsumm_report.pl END
caku.cgi END !!
awstats Start
awstats END
Backup Start
Backup END
kinou_pflogsumm_report.pl Start
/manager/script/kinou_pflogsumm_report.pl 09 03
kinou_pflogsumm_report.pl END
caku.cgi END !!
awstats Start
awstats END
Backup Start
Backup END
kinou_pflogsumm_report.pl Start
/manager/script/kinou_pflogsumm_report.pl 09 04
kinou_pflogsumm_report.pl END
caku.cgi END !!
awstats Start
awstats END
Backup Start
Backup END
kinou_pflogsumm_report.pl Start
/manager/script/kinou_pflogsumm_report.pl 09 05
kinou_pflogsumm_report.pl END
caku.cgi END !!
awstats Start
awstats END
Backup Start
Backup END
kinou_pflogsumm_report.pl Start
/manager/script/kinou_pflogsumm_report.pl 09 06
kinou_pflogsumm_report.pl END
caku.cgi END !!
awstats Start
awstats END
Backup Start
Backup END
kinou_pflogsumm_report.pl Start
/manager/script/kinou_pflogsumm_report.pl 09 07
kinou_pflogsumm_report.pl END
caku.cgi END !!
awstats Start
awstats END
Backup Start
Backup END
kinou_pflogsumm_report.pl Start
/manager/script/kinou_pflogsumm_report.pl 09 08
kinou_pflogsumm_report.pl END
caku.cgi END !!
awstats Start
awstats END
Backup Start
Backup END
kinou_pflogsumm_report.pl Start
/manager/script/kinou_pflogsumm_report.pl 09 09
kinou_pflogsumm_report.pl END
caku.cgi END !!
awstats Start
awstats END
Backup Start
Backup END
kinou_pflogsumm_report.pl Start
/manager/script/kinou_pflogsumm_report.pl 09 10
kinou_pflogsumm_report.pl END
caku.cgi END !!
awstats Start
awstats END
Backup Start
Backup END
kinou_pflogsumm_report.pl Start
/manager/script/kinou_pflogsumm_report.pl 09 11
kinou_pflogsumm_report.pl END
caku.cgi END !!
awstats Start
awstats END
Backup Start
Backup END
kinou_pflogsumm_report.pl Start
/manager/script/kinou_pflogsumm_report.pl 09 12
kinou_pflogsumm_report.pl END
caku.cgi END !!
awstats Start
awstats END
Backup Start
Backup END
kinou_pflogsumm_report.pl Start
/manager/script/kinou_pflogsumm_report.pl 09 13
kinou_pflogsumm_report.pl END
caku.cgi END !!
awstats Start
awstats END
Backup Start
Backup END
kinou_pflogsumm_report.pl Start
/manager/script/kinou_pflogsumm_report.pl 09 14
kinou_pflogsumm_report.pl END
caku.cgi END !!
awstats Start
awstats END
Backup Start
Backup END
kinou_pflogsumm_report.pl Start
/manager/script/kinou_pflogsumm_report.pl 09 15
kinou_pflogsumm_report.pl END
caku.cgi END !!
awstats Start
awstats END
Backup Start
Backup END
kinou_pflogsumm_report.pl Start
/manager/script/kinou_pflogsumm_report.pl 09 16
kinou_pflogsumm_report.pl END
caku.cgi END !!
awstats Start
awstats END
Backup Start
Backup END
kinou_pflogsumm_report.pl Start
/manager/script/kinou_pflogsumm_report.pl 09 17
kinou_pflogsumm_report.pl END
caku.cgi END !!
awstats Start
awstats END
Backup Start
Backup END
kinou_pflogsumm_report.pl Start
/manager/script/kinou_pflogsumm_report.pl 09 18
kinou_pflogsumm_report.pl END
caku.cgi END !!
awstats Start
awstats END
Backup Start
Backup END
kinou_pflogsumm_report.pl Start
/manager/script/kinou_pflogsumm_report.pl 09 19
kinou_pflogsumm_report.pl END
caku.cgi END !!
awstats Start
awstats END
Backup Start
Backup END
kinou_pflogsumm_report.pl Start
/manager/script/kinou_pflogsumm_report.pl 09 20
kinou_pflogsumm_report.pl END
caku.cgi END !!
awstats Start
awstats END
Backup Start
Backup END
kinou_pflogsumm_report.pl Start
/manager/script/kinou_pflogsumm_report.pl 09 21
kinou_pflogsumm_report.pl END
caku.cgi END !!
awstats Start
awstats END
Backup Start
Backup END
kinou_pflogsumm_report.pl Start
/manager/script/kinou_pflogsumm_report.pl 09 22
kinou_pflogsumm_report.pl END
caku.cgi END !!
awstats Start
awstats END
Backup Start
Backup END
kinou_pflogsumm_report.pl Start
/manager/script/kinou_pflogsumm_report.pl 09 23
kinou_pflogsumm_report.pl END
caku.cgi END !!
awstats Start
awstats END
Backup Start
Backup END
kinou_pflogsumm_report.pl Start
/manager/script/kinou_pflogsumm_report.pl 09 24
kinou_pflogsumm_report.pl END
caku.cgi END !!
awstats Start
awstats END
Backup Start
Backup END
kinou_pflogsumm_report.pl Start
/manager/script/kinou_pflogsumm_report.pl 09 25
kinou_pflogsumm_report.pl END
caku.cgi END !!
awstats Start
awstats END
Backup Start
Backup END
kinou_pflogsumm_report.pl Start
/manager/script/kinou_pflogsumm_report.pl 09 26
kinou_pflogsumm_report.pl END
caku.cgi END !!
awstats Start
awstats END
Backup Start
Backup END
kinou_pflogsumm_report.pl Start
/manager/script/kinou_pflogsumm_report.pl 09 27
kinou_pflogsumm_report.pl END
caku.cgi END !!
awstats Start
awstats END
Backup Start
Backup END
kinou_pflogsumm_report.pl Start
/manager/script/kinou_pflogsumm_report.pl 09 28
kinou_pflogsumm_report.pl END
caku.cgi END !!
awstats Start
awstats END
Backup Start
Backup END
kinou_pflogsumm_report.pl Start
/manager/script/kinou_pflogsumm_report.pl 09 29
kinou_pflogsumm_report.pl END
caku.cgi END !!
awstats Start
awstats END
Backup Start
Backup END
kinou_pflogsumm_report.pl Start
/manager/script/kinou_pflogsumm_report.pl 09 30
kinou_pflogsumm_report.pl END
caku.cgi END !!
awstats Start
awstats END
Backup Start
Backup END
kinou_pflogsumm_report.pl Start
/manager/script/kinou_pflogsumm_report.pl 10 01
kinou_pflogsumm_report.pl END
caku.cgi END !!
awstats Start
awstats END
Backup Start
Backup END
kinou_pflogsumm_report.pl Start
/manager/script/kinou_pflogsumm_report.pl 10 02
kinou_pflogsumm_report.pl END
caku.cgi END !!
awstats Start
awstats END
Backup Start
Backup END
kinou_pflogsumm_report.pl Start
/manager/script/kinou_pflogsumm_report.pl 10 03
kinou_pflogsumm_report.pl END
caku.cgi END !!
awstats Start
awstats END
Backup Start
Backup END
kinou_pflogsumm_report.pl Start
/manager/script/kinou_pflogsumm_report.pl 10 04
kinou_pflogsumm_report.pl END
caku.cgi END !!
awstats Start
awstats END
Backup Start
Backup END
kinou_pflogsumm_report.pl Start
/manager/script/kinou_pflogsumm_report.pl 10 05
kinou_pflogsumm_report.pl END
caku.cgi END !!
awstats Start
awstats END
Backup Start
Backup END
kinou_pflogsumm_report.pl Start
/manager/script/kinou_pflogsumm_report.pl 10 06
kinou_pflogsumm_report.pl END
caku.cgi END !!
awstats Start
awstats END
Backup Start
Backup END
kinou_pflogsumm_report.pl Start
/manager/script/kinou_pflogsumm_report.pl 10 07
kinou_pflogsumm_report.pl END
caku.cgi END !!
awstats Start
awstats END
Backup Start
Backup END
kinou_pflogsumm_report.pl Start
/manager/script/kinou_pflogsumm_report.pl 10 08
kinou_pflogsumm_report.pl END
caku.cgi END !!
awstats Start
awstats END
Backup Start
Backup END
kinou_pflogsumm_report.pl Start
/manager/script/kinou_pflogsumm_report.pl 10 09
kinou_pflogsumm_report.pl END
caku.cgi END !!
awstats Start
awstats END
Backup Start
Backup END
kinou_pflogsumm_report.pl Start
/manager/script/kinou_pflogsumm_report.pl 10 10
kinou_pflogsumm_report.pl END
caku.cgi END !!
awstats Start
awstats END
Backup Start
Backup END
kinou_pflogsumm_report.pl Start
/manager/script/kinou_pflogsumm_report.pl 10 11
kinou_pflogsumm_report.pl END
caku.cgi END !!
awstats Start
awstats END
Backup Start
Backup END
kinou_pflogsumm_report.pl Start
/manager/script/kinou_pflogsumm_report.pl 10 12
kinou_pflogsumm_report.pl END
caku.cgi END !!
awstats Start
awstats END
Backup Start
Backup END
kinou_pflogsumm_report.pl Start
/manager/script/kinou_pflogsumm_report.pl 10 13
kinou_pflogsumm_report.pl END
caku.cgi END !!
awstats Start
awstats END
Backup Start
Backup END
kinou_pflogsumm_report.pl Start
/manager/script/kinou_pflogsumm_report.pl 10 14
kinou_pflogsumm_report.pl END
caku.cgi END !!
awstats Start
awstats END
Backup Start
Backup END
kinou_pflogsumm_report.pl Start
/manager/script/kinou_pflogsumm_report.pl 10 15
kinou_pflogsumm_report.pl END
caku.cgi END !!
awstats Start
awstats END
Backup Start
Backup END
kinou_pflogsumm_report.pl Start
/manager/script/kinou_pflogsumm_report.pl 10 16
kinou_pflogsumm_report.pl END
caku.cgi END !!
awstats Start
awstats END
Backup Start
Backup END
kinou_pflogsumm_report.pl Start
/manager/script/kinou_pflogsumm_report.pl 10 17
kinou_pflogsumm_report.pl END
caku.cgi END !!
awstats Start
awstats END
Backup Start
Backup END
kinou_pflogsumm_report.pl Start
/manager/script/kinou_pflogsumm_report.pl 10 18
kinou_pflogsumm_report.pl END
caku.cgi END !!
awstats Start
awstats END
Backup Start
Backup END
kinou_pflogsumm_report.pl Start
/manager/script/kinou_pflogsumm_report.pl 10 19
kinou_pflogsumm_report.pl END
caku.cgi END !!
awstats Start
awstats END
Backup Start
Backup END
kinou_pflogsumm_report.pl Start
/manager/script/kinou_pflogsumm_report.pl 10 20
kinou_pflogsumm_report.pl END
caku.cgi END !!
awstats Start
awstats END
Backup Start
Backup END
kinou_pflogsumm_report.pl Start
/manager/script/kinou_pflogsumm_report.pl 10 21
kinou_pflogsumm_report.pl END
caku.cgi END !!
awstats Start
awstats END
Backup Start
Backup END
kinou_pflogsumm_report.pl Start
/manager/script/kinou_pflogsumm_report.pl 10 22
kinou_pflogsumm_report.pl END
caku.cgi END !!
awstats Start
awstats END
Backup Start
Backup END
kinou_pflogsumm_report.pl Start
/manager/script/kinou_pflogsumm_report.pl 10 23
kinou_pflogsumm_report.pl END
caku.cgi END !!
awstats Start
awstats END
Backup Start
Backup END
kinou_pflogsumm_report.pl Start
/manager/script/kinou_pflogsumm_report.pl 10 24
kinou_pflogsumm_report.pl END
caku.cgi END !!
awstats Start
awstats END
Backup Start
Backup END
kinou_pflogsumm_report.pl Start
/manager/script/kinou_pflogsumm_report.pl 10 25
kinou_pflogsumm_report.pl END
caku.cgi END !!
awstats Start
awstats END
Backup Start
Backup END
kinou_pflogsumm_report.pl Start
/manager/script/kinou_pflogsumm_report.pl 10 26
kinou_pflogsumm_report.pl END
caku.cgi END !!
awstats Start
awstats END
Backup Start
Backup END
kinou_pflogsumm_report.pl Start
/manager/script/kinou_pflogsumm_report.pl 10 27
kinou_pflogsumm_report.pl END
caku.cgi END !!
awstats Start
awstats END
Backup Start
Backup END
kinou_pflogsumm_report.pl Start
/manager/script/kinou_pflogsumm_report.pl 10 28
kinou_pflogsumm_report.pl END
caku.cgi END !!
awstats Start
awstats END
Backup Start
Backup END
kinou_pflogsumm_report.pl Start
/manager/script/kinou_pflogsumm_report.pl 10 29
kinou_pflogsumm_report.pl END
caku.cgi END !!
awstats Start
awstats END
Backup Start
Backup END
kinou_pflogsumm_report.pl Start
/manager/script/kinou_pflogsumm_report.pl 10 30
kinou_pflogsumm_report.pl END
caku.cgi END !!
awstats Start
awstats END
Backup Start
Backup END
kinou_pflogsumm_report.pl Start
/manager/script/kinou_pflogsumm_report.pl 10 31
kinou_pflogsumm_report.pl END
caku.cgi END !!
awstats Start
awstats END
Backup Start
Backup END
kinou_pflogsumm_report.pl Start
/manager/script/kinou_pflogsumm_report.pl 11 01
kinou_pflogsumm_report.pl END
caku.cgi END !!
awstats Start
awstats END
Backup Start
Backup END
kinou_pflogsumm_report.pl Start
/manager/script/kinou_pflogsumm_report.pl 11 02
kinou_pflogsumm_report.pl END
caku.cgi END !!
awstats Start
awstats END
Backup Start
Backup END
kinou_pflogsumm_report.pl Start
/manager/script/kinou_pflogsumm_report.pl 11 03
kinou_pflogsumm_report.pl END
caku.cgi END !!
awstats Start
awstats END
Backup Start
Backup END
kinou_pflogsumm_report.pl Start
/manager/script/kinou_pflogsumm_report.pl 11 04
kinou_pflogsumm_report.pl END
caku.cgi END !!
awstats Start
awstats END
Backup Start
Backup END
kinou_pflogsumm_report.pl Start
/manager/script/kinou_pflogsumm_report.pl 11 05
kinou_pflogsumm_report.pl END
caku.cgi END !!
awstats Start
awstats END
Backup Start
Backup END
kinou_pflogsumm_report.pl Start
/manager/script/kinou_pflogsumm_report.pl 11 06
kinou_pflogsumm_report.pl END
caku.cgi END !!
awstats Start
awstats END
Backup Start
Backup END
kinou_pflogsumm_report.pl Start
/manager/script/kinou_pflogsumm_report.pl 11 07
kinou_pflogsumm_report.pl END
caku.cgi END !!
awstats Start
awstats END
Backup Start
Backup END
kinou_pflogsumm_report.pl Start
/manager/script/kinou_pflogsumm_report.pl 11 08
kinou_pflogsumm_report.pl END
caku.cgi END !!
awstats Start
awstats END
Backup Start
Backup END
kinou_pflogsumm_report.pl Start
/manager/script/kinou_pflogsumm_report.pl 11 09
kinou_pflogsumm_report.pl END
caku.cgi END !!
awstats Start
awstats END
Backup Start
Backup END
kinou_pflogsumm_report.pl Start
/manager/script/kinou_pflogsumm_report.pl 11 10
kinou_pflogsumm_report.pl END
caku.cgi END !!
awstats Start
awstats END
Backup Start
Backup END
kinou_pflogsumm_report.pl Start
/manager/script/kinou_pflogsumm_report.pl 11 11
kinou_pflogsumm_report.pl END
caku.cgi END !!
awstats Start
awstats END
Backup Start
Backup END
kinou_pflogsumm_report.pl Start
/manager/script/kinou_pflogsumm_report.pl 11 12
kinou_pflogsumm_report.pl END
caku.cgi END !!
awstats Start
awstats END
Backup Start
Backup END
kinou_pflogsumm_report.pl Start
/manager/script/kinou_pflogsumm_report.pl 11 13
kinou_pflogsumm_report.pl END
caku.cgi END !!
awstats Start
awstats END
Backup Start
Backup END
kinou_pflogsumm_report.pl Start
/manager/script/kinou_pflogsumm_report.pl 11 14
kinou_pflogsumm_report.pl END
caku.cgi END !!
awstats Start
awstats END
Backup Start
Backup END
kinou_pflogsumm_report.pl Start
/manager/script/kinou_pflogsumm_report.pl 11 15
kinou_pflogsumm_report.pl END
caku.cgi END !!
awstats Start
awstats END
Backup Start
Backup END
kinou_pflogsumm_report.pl Start
/manager/script/kinou_pflogsumm_report.pl 11 16
kinou_pflogsumm_report.pl END
caku.cgi END !!
awstats Start
awstats END
Backup Start
Backup END
kinou_pflogsumm_report.pl Start
/manager/script/kinou_pflogsumm_report.pl 11 17
kinou_pflogsumm_report.pl END
caku.cgi END !!
awstats Start
awstats END
Backup Start
Backup END
kinou_pflogsumm_report.pl Start
/manager/script/kinou_pflogsumm_report.pl 11 18
kinou_pflogsumm_report.pl END
caku.cgi END !!
awstats Start
awstats END
Backup Start
Backup END
kinou_pflogsumm_report.pl Start
/manager/script/kinou_pflogsumm_report.pl 11 19
kinou_pflogsumm_report.pl END
caku.cgi END !!
awstats Start
awstats END
Backup Start
Backup END
kinou_pflogsumm_report.pl Start
/manager/script/kinou_pflogsumm_report.pl 11 20
kinou_pflogsumm_report.pl END
caku.cgi END !!
awstats Start
awstats END
Backup Start
Backup END
kinou_pflogsumm_report.pl Start
/manager/script/kinou_pflogsumm_report.pl 11 21
kinou_pflogsumm_report.pl END
caku.cgi END !!
awstats Start
awstats END
Backup Start
Backup END
kinou_pflogsumm_report.pl Start
/manager/script/kinou_pflogsumm_report.pl 11 22
kinou_pflogsumm_report.pl END
caku.cgi END !!
awstats Start
awstats END
Backup Start
Backup END
kinou_pflogsumm_report.pl Start
/manager/script/kinou_pflogsumm_report.pl 11 23
kinou_pflogsumm_report.pl END
caku.cgi END !!
awstats Start
awstats END
Backup Start
Backup END
kinou_pflogsumm_report.pl Start
/manager/script/kinou_pflogsumm_report.pl 11 24
kinou_pflogsumm_report.pl END
caku.cgi END !!
awstats Start
awstats END
Backup Start
Backup END
kinou_pflogsumm_report.pl Start
/manager/script/kinou_pflogsumm_report.pl 11 25
kinou_pflogsumm_report.pl END
caku.cgi END !!
awstats Start
awstats END
Backup Start
Backup END
kinou_pflogsumm_report.pl Start
/manager/script/kinou_pflogsumm_report.pl 11 26
kinou_pflogsumm_report.pl END
caku.cgi END !!
awstats Start
awstats END
Backup Start
Backup END
kinou_pflogsumm_report.pl Start
/manager/script/kinou_pflogsumm_report.pl 11 27
kinou_pflogsumm_report.pl END
caku.cgi END !!
awstats Start
awstats END
Backup Start
Backup END
kinou_pflogsumm_report.pl Start
/manager/script/kinou_pflogsumm_report.pl 11 28
kinou_pflogsumm_report.pl END
caku.cgi END !!
awstats Start
awstats END
Backup Start
Backup END
kinou_pflogsumm_report.pl Start
/manager/script/kinou_pflogsumm_report.pl 11 29
kinou_pflogsumm_report.pl END
caku.cgi END !!
awstats Start
awstats END
Backup Start
Backup END
kinou_pflogsumm_report.pl Start
/manager/script/kinou_pflogsumm_report.pl 11 30
kinou_pflogsumm_report.pl END
caku.cgi END !!
awstats Start
awstats END
Backup Start
Backup END
kinou_pflogsumm_report.pl Start
/manager/script/kinou_pflogsumm_report.pl 12 01
kinou_pflogsumm_report.pl END
caku.cgi END !!
awstats Start
awstats END
Backup Start
Backup END
kinou_pflogsumm_report.pl Start
/manager/script/kinou_pflogsumm_report.pl 12 02
kinou_pflogsumm_report.pl END
caku.cgi END !!
awstats Start
awstats END
Backup Start
Backup END
kinou_pflogsumm_report.pl Start
/manager/script/kinou_pflogsumm_report.pl 12 03
kinou_pflogsumm_report.pl END
caku.cgi END !!
awstats Start
awstats END
Backup Start
Backup END
kinou_pflogsumm_report.pl Start
/manager/script/kinou_pflogsumm_report.pl 12 04
kinou_pflogsumm_report.pl END
caku.cgi END !!
awstats Start
awstats END
Backup Start
Backup END
kinou_pflogsumm_report.pl Start
/manager/script/kinou_pflogsumm_report.pl 12 05
kinou_pflogsumm_report.pl END
caku.cgi END !!
awstats Start
awstats END
Backup Start
Backup END
kinou_pflogsumm_report.pl Start
/manager/script/kinou_pflogsumm_report.pl 12 06
kinou_pflogsumm_report.pl END
caku.cgi END !!
awstats Start
awstats END
Backup Start
Backup END
kinou_pflogsumm_report.pl Start
/manager/script/kinou_pflogsumm_report.pl 12 07
kinou_pflogsumm_report.pl END
caku.cgi END !!
awstats Start
awstats END
Backup Start
Backup END
kinou_pflogsumm_report.pl Start
/manager/script/kinou_pflogsumm_report.pl 12 08
kinou_pflogsumm_report.pl END
caku.cgi END !!
awstats Start
awstats END
Backup Start
Backup END
